# JRE version: Java(TM) SE Runtime Environment (8.0_241-b07) (build 1.8.0_241-b07)
# Java VM: Java HotSpot(TM) 64-Bit Server VM (25.241-b07 mixed mode bsd-amd64 compressed oops)
Heap:
 PSYoungGen      total 380416K, used 64613K [0x000000076ab00000, 0x0000000783b00000, 0x00000007c0000000)
  eden space 363008K, 13% used [0x000000076ab00000,0x000000076d91f7f8,0x0000000780d80000)
  from space 17408K, 99% used [0x0000000782180000,0x0000000783279e08,0x0000000783280000)
  to   space 20480K, 0% used [0x0000000780d80000,0x0000000780d80000,0x0000000782180000)
 ParOldGen       total 190464K, used 28774K [0x00000006c0000000, 0x00000006cba00000, 0x000000076ab00000)
  object space 190464K, 15% used [0x00000006c0000000,0x00000006c1c19a98,0x00000006cba00000)
 Metaspace       used 72090K, capacity 76354K, committed 76544K, reserved 1116160K
  class space    used 9941K, capacity 10663K, committed 10752K, reserved 1048576K
GC Heap History (10 events):
Event: 3.690 GC heap before
{Heap before GC invocations=9 (full 2):
 PSYoungGen      total 190464K, used 7399K [0x000000076ab00000, 0x000000077eb80000, 0x00000007c0000000)
  eden space 177152K, 0% used [0x000000076ab00000,0x000000076ab00000,0x0000000775800000)
  from space 13312K, 55% used [0x0000000775800000,0x0000000775f39f60,0x0000000776500000)
  to   space 12288K, 0% used [0x000000077df80000,0x000000077df80000,0x000000077eb80000)
 ParOldGen       total 93696K, used 6022K [0x00000006c0000000, 0x00000006c5b80000, 0x000000076ab00000)
  object space 93696K, 6% used [0x00000006c0000000,0x00000006c05e1b90,0x00000006c5b80000)
 Metaspace       used 33372K, capacity 35338K, committed 35416K, reserved 1079296K
  class space    used 4485K, capacity 4861K, committed 4864K, reserved 1048576K
Event: 3.734 GC heap after
Heap after GC invocations=9 (full 2):
 PSYoungGen      total 190464K, used 0K [0x000000076ab00000, 0x000000077eb80000, 0x00000007c0000000)
  eden space 177152K, 0% used [0x000000076ab00000,0x000000076ab00000,0x0000000775800000)
  from space 13312K, 0% used [0x0000000775800000,0x0000000775800000,0x0000000776500000)
  to   space 12288K, 0% used [0x000000077df80000,0x000000077df80000,0x000000077eb80000)
 ParOldGen       total 133120K, used 11627K [0x00000006c0000000, 0x00000006c8200000, 0x000000076ab00000)
  object space 133120K, 8% used [0x00000006c0000000,0x00000006c0b5adf8,0x00000006c8200000)
 Metaspace       used 33372K, capacity 35338K, committed 35416K, reserved 1079296K
  class space    used 4485K, capacity 4861K, committed 4864K, reserved 1048576K
}
Event: 6.016 GC heap before
{Heap before GC invocations=10 (full 2):
 PSYoungGen      total 190464K, used 177152K [0x000000076ab00000, 0x000000077eb80000, 0x00000007c0000000)
  eden space 177152K, 100% used [0x000000076ab00000,0x0000000775800000,0x0000000775800000)
  from space 13312K, 0% used [0x0000000775800000,0x0000000775800000,0x0000000776500000)
  to   space 12288K, 0% used [0x000000077df80000,0x000000077df80000,0x000000077eb80000)
 ParOldGen       total 133120K, used 11627K [0x00000006c0000000, 0x00000006c8200000, 0x000000076ab00000)
  object space 133120K, 8% used [0x00000006c0000000,0x00000006c0b5adf8,0x00000006c8200000)
 Metaspace       used 44221K, capacity 46650K, committed 46720K, reserved 1089536K
  class space    used 6064K, capacity 6528K, committed 6528K, reserved 1048576K
Event: 6.028 GC heap after
Heap after GC invocations=10 (full 2):
 PSYoungGen      total 289280K, used 12272K [0x000000076ab00000, 0x000000077eb80000, 0x00000007c0000000)
  eden space 276992K, 0% used [0x000000076ab00000,0x000000076ab00000,0x000000077b980000)
  from space 12288K, 99% used [0x000000077df80000,0x000000077eb7c3c8,0x000000077eb80000)
  to   space 14336K, 0% used [0x000000077cf80000,0x000000077cf80000,0x000000077dd80000)
 ParOldGen       total 133120K, used 12435K [0x00000006c0000000, 0x00000006c8200000, 0x000000076ab00000)
  object space 133120K, 9% used [0x00000006c0000000,0x00000006c0c24d88,0x00000006c8200000)
 Metaspace       used 44221K, capacity 46650K, committed 46720K, reserved 1089536K
  class space    used 6064K, capacity 6528K, committed 6528K, reserved 1048576K
}
Event: 7.526 GC heap before
{Heap before GC invocations=11 (full 2):
 PSYoungGen      total 289280K, used 217861K [0x000000076ab00000, 0x000000077eb80000, 0x00000007c0000000)
  eden space 276992K, 74% used [0x000000076ab00000,0x00000007773c5218,0x000000077b980000)
  from space 12288K, 99% used [0x000000077df80000,0x000000077eb7c3c8,0x000000077eb80000)
  to   space 14336K, 0% used [0x000000077cf80000,0x000000077cf80000,0x000000077dd80000)
 ParOldGen       total 133120K, used 12435K [0x00000006c0000000, 0x00000006c8200000, 0x000000076ab00000)
  object space 133120K, 9% used [0x00000006c0000000,0x00000006c0c24d88,0x00000006c8200000)
 Metaspace       used 56289K, capacity 58940K, committed 59028K, reserved 1099776K
  class space    used 7689K, capacity 8157K, committed 8192K, reserved 1048576K
Event: 7.548 GC heap after
Heap after GC invocations=11 (full 2):
 PSYoungGen      total 313856K, used 14330K [0x000000076ab00000, 0x0000000783280000, 0x00000007c0000000)
  eden space 299520K, 0% used [0x000000076ab00000,0x000000076ab00000,0x000000077cf80000)
  from space 14336K, 99% used [0x000000077cf80000,0x000000077dd7eaa0,0x000000077dd80000)
  to   space 17408K, 0% used [0x0000000782180000,0x0000000782180000,0x0000000783280000)
 ParOldGen       total 133120K, used 15290K [0x00000006c0000000, 0x00000006c8200000, 0x000000076ab00000)
  object space 133120K, 11% used [0x00000006c0000000,0x00000006c0eee8e8,0x00000006c8200000)
 Metaspace       used 56289K, capacity 58940K, committed 59028K, reserved 1099776K
  class space    used 7689K, capacity 8157K, committed 8192K, reserved 1048576K
}
Event: 7.548 GC heap before
{Heap before GC invocations=12 (full 3):
 PSYoungGen      total 313856K, used 14330K [0x000000076ab00000, 0x0000000783280000, 0x00000007c0000000)
  eden space 299520K, 0% used [0x000000076ab00000,0x000000076ab00000,0x000000077cf80000)
  from space 14336K, 99% used [0x000000077cf80000,0x000000077dd7eaa0,0x000000077dd80000)
  to   space 17408K, 0% used [0x0000000782180000,0x0000000782180000,0x0000000783280000)
 ParOldGen       total 133120K, used 15290K [0x00000006c0000000, 0x00000006c8200000, 0x000000076ab00000)
  object space 133120K, 11% used [0x00000006c0000000,0x00000006c0eee8e8,0x00000006c8200000)
 Metaspace       used 56289K, capacity 58940K, committed 59028K, reserved 1099776K
  class space    used 7689K, capacity 8157K, committed 8192K, reserved 1048576K
Event: 7.715 GC heap after
Heap after GC invocations=12 (full 3):
 PSYoungGen      total 313856K, used 0K [0x000000076ab00000, 0x0000000783280000, 0x00000007c0000000)
  eden space 299520K, 0% used [0x000000076ab00000,0x000000076ab00000,0x000000077cf80000)
  from space 14336K, 0% used [0x000000077cf80000,0x000000077cf80000,0x000000077dd80000)
  to   space 17408K, 0% used [0x0000000782180000,0x0000000782180000,0x0000000783280000)
 ParOldGen       total 190464K, used 27021K [0x00000006c0000000, 0x00000006cba00000, 0x000000076ab00000)
  object space 190464K, 14% used [0x00000006c0000000,0x00000006c1a63448,0x00000006cba00000)
 Metaspace       used 56289K, capacity 58940K, committed 59028K, reserved 1099776K
  class space    used 7689K, capacity 8157K, committed 8192K, reserved 1048576K
}
Event: 23.052 GC heap before
{Heap before GC invocations=13 (full 3):
 PSYoungGen      total 313856K, used 299520K [0x000000076ab00000, 0x0000000783280000, 0x00000007c0000000)
  eden space 299520K, 100% used [0x000000076ab00000,0x000000077cf80000,0x000000077cf80000)
  from space 14336K, 0% used [0x000000077cf80000,0x000000077cf80000,0x000000077dd80000)
  to   space 17408K, 0% used [0x0000000782180000,0x0000000782180000,0x0000000783280000)
 ParOldGen       total 190464K, used 27021K [0x00000006c0000000, 0x00000006cba00000, 0x000000076ab00000)
  object space 190464K, 14% used [0x00000006c0000000,0x00000006c1a63448,0x00000006cba00000)
 Metaspace       used 71155K, capacity 75334K, committed 75648K, reserved 1114112K
  class space    used 9809K, capacity 10521K, committed 10624K, reserved 1048576K
Event: 23.072 GC heap after
Heap after GC invocations=13 (full 3):
 PSYoungGen      total 380416K, used 17383K [0x000000076ab00000, 0x0000000783b00000, 0x00000007c0000000)
  eden space 363008K, 0% used [0x000000076ab00000,0x000000076ab00000,0x0000000780d80000)
  from space 17408K, 99% used [0x0000000782180000,0x0000000783279e08,0x0000000783280000)
  to   space 20480K, 0% used [0x0000000780d80000,0x0000000780d80000,0x0000000782180000)
 ParOldGen       total 190464K, used 28774K [0x00000006c0000000, 0x00000006cba00000, 0x000000076ab00000)
  object space 190464K, 15% used [0x00000006c0000000,0x00000006c1c19a98,0x00000006cba00000)
 Metaspace       used 71155K, capacity 75334K, committed 75648K, reserved 1114112K
  class space    used 9809K, capacity 10521K, committed 10624K, reserved 1048576K
}

